1  1 
1  2 
1  3 
1  4 
1  5 
1  6 
1  7 
1  8 
1  9 
1  a 
1  b 
1  c 
1  d 
1  e 
1  f 
1  10 
1  11 
1  12 
1  13 
1  14 
1  15 
1  16 
1  17 
1  18 
1  19 
1  1a 
1  1b 
1  1c 
1  1d 
1  1e 
1  1f 
1  20 
1  21 
1  22 
1  23 
1  24 
1  25 
1  26 
1  27 
1  28 
1  29 
1  2a 
1  2b 
1  2c 
1  2d 
1  2e 
1  2f 
1  30 
1  31 
1  32 
1  33 
1  34 
1  35 
1  36 
1  37 
1  38 
1  39 
1  3a 
1  3b 
1  3c 
1  3d 
1  3e 
1  3f 
1  40 
1  41 
1  42 
1  43 
1  44 
1  45 
1  46 
1  47 
1  48 
1  49 
1  4a 
1  4b 
1  4c 
1  4d 
1  4e 
1  4f 
1  50 
1  51 
1  52 
1  53 
1  54 
1  55 
1  56 
1  57 
1  58 
1  59 
1  5a 
1  5b 
1  5c 
1  5d 
1  5e 
1  5f 
1  60 
1  61 
1  62 
1  63 
1  64 
1  65 
1  66 
1  67 
1  68 
1  69 
1  6a 
1  6b 
1  6c 
1  6d 
1  6e 
1  6f 
1  70 
1  71 
1  72 
1  73 
1  74 
1  75 
1  76 
1  77 
1  78 
1  79 
1  7a 
1  7b 
1  7c 
1  7d 
1  7e 
1  7f 
1  80 
1  81 
1  82 
1  83 
1  84 
1  85 
1  86 
1  87 
1  88 
1  89 
1  8a 
1  8b 
1  8c 
1  8d 
1  8e 
1  8f 
1  90 
1  91 
1  92 
1  93 
1  94 
1  95 
1  96 
1  97  2^4 * 33 * 3  * 71515636246612454378347373919136925309093592425876363112586371025425760694866286015483117969066646791191447691557
1  98 
1  99 
1  9a 
1  9b 
1  9c 
1  9d 
1  9e 
1  9f 
1  a0 
1  a1 
1  a2 
1  a3 
1  a4 
1  a5 
1  a6 
1  a7 
1  a8 
1  a9 
1  aa 
1  ab 
1  ac 
1  ad 
1  ae 
1  af 
1  b0 
1  b1 
1  b2 
1  b3 
1  b4 
1  b5 
1  b6 
1  b7 
1  b8 
1  b9 
1  ba 
1  bb 
1  bc 
1  bd 
1  be 
1  bf 
1  c0 
1  c1 
1  c2 
1  c3 
1  c4 
1  c5 
1  c6 
1  c7 
1  c8 
1  c9 
1  ca 
1  cb 
1  cc 
1  cd 
1  ce 
1  cf 
1  d0 
1  d1 
1  d2 
1  d3 
1  d4 
1  d5 
1  d6 
1  d7 
1  d8 
1  d9 
1  da 
1  db 
1  dc 
1  dd 
1  de 
1  df 
1  e0 
1  e1 
1  e2 
1  e3 
1  e4 
1  e5 
1  e6 
1  e7 
1  e8 
1  e9 
1  ea 
1  eb 
1  ec 
1  ed 
1  ee 
1  ef 
1  f0 
1  f1 
1  f2 
1  f3 
1  f4 
1  f5 
1  f6 
1  f7 
1  f8 
1  f9 
1  fa 
1  fb 
1  fc 
1  fd 
1  fe 
1  ff 
1  100 
1  101 
1  102 
1  103 
1  104 
1  105 
1  106 
1  107 
1  108 
1  109 
1  10a 
1  10b 
1  10c 
1  10d 
1  10e 
1  10f 
1  110 
1  111 
1  112 
1  113 
1  114 
1  115 
1  116 
1  117 
1  118 
1  119 
1  11a 
1  11b 
1  11c 
1  11d 
1  11e 
1  11f 
1  120 
1  121 
1  122 
1  123 
1  124 
1  125 
1  126 
1  127 
1  128 
1  129 
1  12a 
1  12b 
1  12c 
1  12d 
1  12e 
1  12f 
1  130 
1  131 
1  132 
1  133 
1  134 
1  135 
1  136 
1  137 
1  138 
1  139 
1  13a 
1  13b 
1  13c 
1  13d  2^1 * 77 * 735589401393728102177287274596836946036391236380442592015218785779419294035395008096292013476853957166717448972071
1  13e 
1  13f 
1  140 
1  141 
1  142 
1  143 
1  144 
1  145 
1  146 
1  147 
1  148 
1  149 
1  14a 
1  14b 
1  14c 
1  14d 
1  14e 
1  14f 
1  150 
1  151 
1  152 
1  153 
1  154 
1  155 
1  156  2^1 * 3 * 18880127969105687955883706714652148281600708400431359861726570129196033994079733957215539471296250991173681553746513
1  157 
1  158 
1  159 
1  15a 
1  15b 
1  15c 
1  15d 
1  15e 
1  15f 
1  160 
1  161  2^2 * 5 * 5664038390731706386765112014395644484480212520129407958517475940621822056806888843884931382797825258990549076768489
1  162 
1  163 
1  164 
1  165 
1  166 
1  167 
1  168 
1  169 
1  16a 
1  16b 
1  16c 
1  16d 
1  16e 
1  16f 
1  170 
1  171 
1  172 
1  173 
1  174 
1  175 
1  176 
1  177 
1  178 
1  179 
1  17a 
1  17b 
1  17c 
1  17d 
1  17e 
1  17f 
1  180 
1  181 
1  182 
1  183 
1  184 
1  185 
1  186 
1  187 
1  188 
1  189 
1  18a 
1  18b 
1  18c 
1  18d 
1  18e 
1  18f 
1  190 
1  191 
1  192 
1  193 
1  194 
1  195 
1  196 
1  197 
1  198 
1  199 
1  19a 
1  19b 
1  19c 
1  19d 
1  19e 
1  19f 
1  1a0 
1  1a1 
1  1a2 
1  1a3 
1  1a4 
1  1a5 
1  1a6 
1  1a7 
1  1a8 
1  1a9 
1  1aa 
1  1ab 
1  1ac 
1  1ad 
1  1ae 
1  1af 
1  1b0 
1  1b1 
1  1b2 
1  1b3 
1  1b4 
1  1b5 
1  1b6 
1  1b7 
1  1b8 
1  1b9 
1  1ba 
1  1bb 
1  1bc 
1  1bd 
1  1be  2^2 * 28320191953658531933825560071978222422401062600647039792587283175583004247437530071915068918410759373333323960825963
1  1bf 
1  1c0 
1  1c1 
1  1c2 
1  1c3 
1  1c4 
1  1c5 
1  1c6 
1  1c7 
1  1c8 
1  1c9 
1  1ca 
1  1cb 
1  1cc 
1  1cd 
1  1ce 
1  1cf 
1  1d0 
1  1d1 
1  1d2 
1  1d3 
1  1d4 
1  1d5 
1  1d6 
1  1d7 
1  1d8 
1  1d9 
1  1da 
1  1db 
1  1dc 
1  1dd 
1  1de 
1  1df 
1  1e0 
1  1e1 
1  1e2 
1  1e3 
1  1e4 
1  1e5 
1  1e6 
1  1e7 
1  1e8 
1  1e9 
1  1ea 
1  1eb  2^0 * 21 * 5394322276887339415966773347043470937600202400123245674778540003747250953910199854776072500284326285756629010812163
1  1ec 
1  1ed 
1  1ee 
1  1ef 
1  1f0 
1  1f1  2^3 * 14160095976829265966912780035989111211200531300323519896293588928581841206119055017979176620337982628176542607682073
1  1f2 
1  1f3 
1  1f4 
1  1f5 
1  1f6 
1  1f7 
1  1f8 
1  1f9 
1  1fa 
1  1fb 
1  1fc 
1  1fd 
1  1fe 
1  1ff 
1  200 
1  201 
1  202 
1  203 
1  204 
1  205 
1  206 
1  207 
1  208 
1  209 
1  20a 
1  20b 
1  20c 
1  20d 
1  20e 
1  20f 
1  210 
1  211 
1  212 
1  213 
1  214 
1  215 
1  216 
1  217 
1  218 
1  219 
1  21a 
1  21b 
1  21c 
1  21d 
1  21e 
1  21f 
1  220 
1  221 
1  222 
1  223 
1  224 
1  225 
1  226  2^1 * 231 * 3  * 81732155710414233575254141621870771781821248486715843557244555035073700502944794682851719520563707861453346452411
1  227 
1  228 
1  229 
1  22a 
1  22b 
1  22c 
1  22d 
1  22e 
1  22f 
1  230 
1  231 
1  232 
1  233 
1  234 
1  235 
1  236 
1  237 
1  238 
1  239 
1  23a 
1  23b 
1  23c 
1  23d 
1  23e 
1  23f 
1  240 
1  241 
1  242 
1  243 
1  244 
1  245 
1  246 
1  247 
1  248 
1  249 
1  24a 
1  24b 
1  24c 
1  24d 
1  24e 
1  24f 
1  250 
1  251 
1  252 
1  253 
1  254 
1  255 
1  256 
1  257 
1  258 
1  259 
1  25a 
1  25b 
1  25c 
1  25d 
1  25e 
1  25f 
1  260 
1  261 
1  262 
1  263 
1  264 
1  265 
1  266 
1  267 
1  268 
1  269 
1  26a 
1  26b 
1  26c 
1  26d 
1  26e 
1  26f 
1  270 
1  271 
1  272 
1  273  2^2 * 28320191953658531933825560071978222422401062600647039792588129768163548778097433068440969504872528456103735992521487
1  274 
1  275 
1  276 
1  277 
1  278 
1  279 
1  27a 
1  27b 
1  27c 
1  27d 
1  27e 
1  27f 
1  280 
1  281 
1  282 
1  283 
1  284 
1  285 
1  286 
1  287 
1  288 
1  289 
1  28a 
1  28b 
1  28c 
1  28d 
1  28e 
1  28f 
1  290 
1  291 
1  292 
1  293 
1  294 
1  295 
1  296 
1  297 
1  298 
1  299 
1  29a 
1  29b 
1  29c 
1  29d 
1  29e 
1  29f 
1  2a0 
1  2a1 
1  2a2 
1  2a3 
1  2a4 
1  2a5 
1  2a6 
1  2a7 
1  2a8 
1  2a9 
1  2aa 
1  2ab 
1  2ac 
1  2ad 
1  2ae 
1  2af 
1  2b0 
1  2b1 
1  2b2 
1  2b3 
1  2b4 
1  2b5 
1  2b6 
1  2b7 
1  2b8 
1  2b9 
1  2ba 
1  2bb 
1  2bc 
1  2bd 
1  2be 
1  2bf 
1  2c0 
1  2c1 
1  2c2 
1  2c3 
1  2c4 
1  2c5 
1  2c6 
1  2c7 
1  2c8 
1  2c9 
1  2ca 
1  2cb 
1  2cc 
1  2cd 
1  2ce 
1  2cf 
1  2d0 
1  2d1 
1  2d2 
1  2d3 
1  2d4 
1  2d5 
1  2d6 
1  2d7 
1  2d8 
1  2d9 
1  2da 
1  2db 
1  2dc 
1  2dd 
1  2de 
1  2df 
1  2e0 
1  2e1 
1  2e2 
1  2e3 
1  2e4 
1  2e5 
1  2e6 
1  2e7 
1  2e8 
1  2e9 
1  2ea 
1  2eb 
1  2ec 
1  2ed 
1  2ee 
1  2ef 
1  2f0 
1  2f1 
1  2f2 
1  2f3 
1  2f4 
1  2f5 
1  2f6 
1  2f7 
1  2f8 
1  2f9 
1  2fa 
1  2fb 
1  2fc 
1  2fd  2^2 * 5 * 5664038390731706386765112014395644484480212520129407958517238871949441609528532968199792334977599788804897937622093
1  2fe 
1  2ff 
1  300 
1  301 
1  302 
1  303 
1  304 
1  305 
1  306 
1  307 
1  308 
1  309 
1  30a 
1  30b 
1  30c 
1  30d 
1  30e 
1  30f 
1  310  2^0 * 113280767814634127735302240287912889689604250402588159170364862903805633475546085714056187579230826355642017685784371
1  311 
1  312 
1  313 
1  314 
1  315 
1  316 
1  317 
1  318 
1  319 
1  31a 
1  31b 
1  31c 
1  31d 
1  31e 
1  31f 
1  320 
1  321 
1  322 
1  323 
1  324 
1  325 
1  326 
1  327 
1  328 
1  329 
1  32a 
1  32b 
1  32c 
1  32d 
1  32e 
1  32f 
1  330 
1  331 
1  332 
1  333 
1  334 
1  335 
1  336  2^2 * 21 * 1348580569221834853991693336760867734400050600030811418694726946049219950654019829916467438816794005300406952857157
1  337 
1  338 
1  339 
1  33a 
1  33b 
1  33c 
1  33d 
1  33e 
1  33f 
1  340 
1  341 
1  342 
1  343 
1  344 
1  345 
1  346 
1  347 
1  348 
1  349 
1  34a 
1  34b 
1  34c 
1  34d  2^0 * 5 * 5  * 4531230712585365109412089611516515587584170016103526366813790087098029947255047145353663386986592447036879592102029
1  34e 
1  34f 
1  350 
1  351 
1  352 
1  353 
1  354 
1  355 
1  356 
1  357 
1  358 
1  359 
1  35a 
1  35b 
1  35c 
1  35d 
1  35e 
1  35f 
1  360 
1  361 
1  362 
1  363 
1  364 
1  365 
1  366 
1  367 
1  368 
1  369 
1  36a 
1  36b 
1  36c 
1  36d 
1  36e 
1  36f 
1  370 
1  371 
1  372 
1  373 
1  374 
1  375 
1  376 
1  377 
1  378 
1  379 
1  37a 
1  37b 
1  37c 
1  37d 
1  37e 
1  37f 
1  380 
1  381 
1  382 
1  383 
1  384 
1  385 
1  386 
1  387 
1  388 
1  389 
1  38a 
1  38b 
1  38c 
1  38d 
1  38e 
1  38f 
1  390 
1  391 
1  392 
1  393 
1  394 
1  395 
1  396 
1  397 
1  398 
1  399 
1  39a 
1  39b 
1  39c 
1  39d 
1  39e 
1  39f 
1  3a0 
1  3a1 
1  3a2 
1  3a3 
1  3a4 
1  3a5 
1  3a6 
1  3a7 
1  3a8 
1  3a9 
1  3aa 
1  3ab 
1  3ac 
1  3ad 
1  3ae 
1  3af 
1  3b0 
1  3b1 
1  3b2 
1  3b3 
1  3b4 
1  3b5 
1  3b6 
1  3b7 
1  3b8 
1  3b9 
1  3ba 
1  3bb 
1  3bc 
1  3bd 
1  3be 
1  3bf 
1  3c0 
1  3c1 
1  3c2 
1  3c3 
1  3c4 
1  3c5 
1  3c6  2^0 * 21 * 3  * 1798107425629113138655591115681156979200067466707748558259548511988481678924641106310754111154389252378759613040411
1  3c7 
1  3c8 
1  3c9 
1  3ca 
1  3cb 
1  3cc 
1  3cd 
1  3ce 
1  3cf 
1  3d0 
1  3d1 
1  3d2 
1  3d3 
1  3d4 
1  3d5 
1  3d6 
1  3d7 
1  3d8 
1  3d9 
1  3da 
1  3db 
1  3dc 
1  3dd 
1  3de 
1  3df 
1  3e0 
1  3e1 
1  3e2 
1  3e3 
1  3e4 
1  3e5 
1  3e6 
1  3e7 
1  3e8 
1  3e9 
1  3ea 
1  3eb 
1  3ec 
1  3ed 
1  3ee 
1  3ef 
1  3f0 
1  3f1 
1  3f2 
1  3f3 
1  3f4 
1  3f5 
1  3f6 
1  3f7 
1  3f8 
1  3f9 
1  3fa 
1  3fb  2^5 * 3 * 3  * 393335999356368499080910556555253089200014758342319997119285945168586239466545482248941142098664206476710450739059
1  3fc 
1  3fd 
1  3fe 
1  3ff 
1  400 
1  401 
1  402 
1  403 
1  404 
1  405 
1  406 
1  407 
1  408 
1  409 
1  40a 
1  40b 
1  40c 
1  40d 
1  40e 
1  40f 
1  410 
1  411 
1  412 
1  413 
1  414 
1  415 
1  416 
1  417 
1  418 
1  419 
1  41a 
1  41b 
1  41c 
1  41d 
1  41e 
1  41f 
1  420 
1  421 
1  422 
1  423 
1  424 
1  425 
1  426 
1  427 
1  428 
1  429 
1  42a 
1  42b 
1  42c 
1  42d 
1  42e 
1  42f 
1  430  2^5 * 3 * 3  * 393335999356368499080910556555253089200014758342319997119287530383164206539976121172260499654144736181407165632851
1  431 
1  432 
1  433 
1  434 
1  435 
1  436 
1  437 
1  438 
1  439 
1  43a 
1  43b 
1  43c 
1  43d 
1  43e 
1  43f 
1  440 
1  441 
1  442 
1  443 
1  444 
1  445 
1  446 
1  447 
1  448 
1  449 
1  44a 
1  44b 
1  44c 
1  44d 
1  44e 
1  44f 
1  450 
1  451 
1  452  2^1 * 3 * 3  * 6293375989701895985294568904884049427200236133477119953909161261819793685802204149362903931654979031790276796354283
1  453 
1  454 
1  455 
1  456 
1  457 
1  458 
1  459 
1  45a 
1  45b 
1  45c 
1  45d 
1  45e 
1  45f 
1  460 
1  461 
1  462 
1  463 
1  464 
1  465 
1  466 
1  467 
1  468 
1  469 
1  46a 
1  46b 
1  46c 
1  46d 
1  46e 
1  46f 
1  470 
1  471 
1  472 
1  473 
1  474 
1  475 
1  476 
1  477 
1  478 
1  479 
1  47a 
1  47b 
1  47c 
1  47d 
1  47e 
1  47f 
1  480 
1  481 
1  482 
1  483  2^0 * 3 * 37760255938211375911767413429304296563201416800862719723453341907628049955295087992732638942698616200662381024627027
1  484 
1  485 
1  486 
1  487 
1  488 
1  489 
1  48a 
1  48b 
1  48c 
1  48d 
1  48e 
1  48f 
1  490 
1  491 
1  492 
1  493  2^0 * 15 * 7552051187642275182353482685860859312640283360172543944690953724226608866473214818065250305912108229246071764902737
1  494 
1  495 
1  496 
1  497 
1  498 
1  499 
1  49a 
1  49b 
1  49c 
1  49d 
1  49e 
1  49f 
1  4a0 
1  4a1 
1  4a2  2^0 * 3 * 37760255938211375911767413429304296563201416800862719723443568238719557024011252691650543457147679359347109207336027
1  4a3  2^0 * 3 * 37760255938211375911767413429304296563201416800862719723454458820273991588983917617120330800767440701062102311731131
1  4a4 
1  4a5 
1  4a6 
1  4a7 
1  4a8 
1  4a9 
1  4aa 
1  4ab 
1  4ac 
1  4ad 
1  4ae 
1  4af 
1  4b0 
1  4b1 
1  4b2 
1  4b3 
1  4b4 
1  4b5 
1  4b6 
1  4b7 
1  4b8 
1  4b9 
1  4ba 
1  4bb 
1  4bc 
1  4bd 
1  4be 
1  4bf 
1  4c0 
1  4c1 
1  4c2 
1  4c3 
1  4c4 
1  4c5 
1  4c6 
1  4c7 
1  4c8 
1  4c9 
1  4ca 
1  4cb 
1  4cc 
1  4cd 
1  4ce 
1  4cf 
1  4d0 
1  4d1 
1  4d2 
1  4d3 
1  4d4 
1  4d5 
1  4d6 
1  4d7 
1  4d8 
1  4d9 
1  4da 
1  4db 
1  4dc 
1  4dd 
1  4de 
1  4df 
1  4e0 
1  4e1 
1  4e2 
1  4e3 
1  4e4 
1  4e5 
1  4e6 
1  4e7 
1  4e8 
1  4e9 
1  4ea 
1  4eb 
1  4ec 
1  4ed 
1  4ee  2^3 * 14160095976829265966912780035989111211200531300323519896292987503746462699894230845616757326242962563513056570345841
1  4ef 
1  4f0 
1  4f1 
1  4f2 
1  4f3 
1  4f4 
1  4f5 
1  4f6 
1  4f7 
1  4f8 
1  4f9 
1  4fa 
1  4fb 
1  4fc 
1  4fd 
1  4fe 
1  4ff 
1  500 
1  501 
1  502 
1  503 
1  504 
1  505 
1  506 
1  507 
1  508 
1  509 
1  50a 
1  50b 
1  50c 
1  50d 
1  50e 
1  50f 
1  510 
1  511 
1  512 
1  513 
1  514 
1  515 
1  516 
1  517 
1  518 
1  519 
1  51a 
1  51b 
1  51c 
1  51d 
1  51e 
1  51f 
1  520 
1  521 
1  522 
1  523 
1  524 
1  525 
1  526 
1  527 
1  528 
1  529 
1  52a 
1  52b 
1  52c 
1  52d 
1  52e 
1  52f 
1  530 
1  531 
1  532 
1  533 
1  534 
1  535 
1  536 
1  537 
1  538 
1  539 
1  53a 
1  53b 
1  53c 
1  53d 
1  53e 
1  53f 
1  540 
1  541 
1  542 
1  543 
1  544 
1  545 
1  546 
1  547 
1  548 
1  549 
1  54a 
1  54b 
1  54c 
1  54d 
1  54e 
1  54f 
1  550 
1  551 
1  552 
1  553 
1  554 
1  555 
1  556 
1  557 
1  558 
1  559 
1  55a 
1  55b 
1  55c 
1  55d 
1  55e 
1  55f 
1  560 
1  561 
1  562 
1  563 
1  564 
1  565 
1  566 
1  567 
1  568 
1  569 
1  56a 
1  56b 
1  56c 
1  56d 
1  56e 
1  56f 
1  570 
1  571 
1  572 
1  573 
1  574 
1  575 
1  576 
1  577 
1  578 
1  579 
1  57a 
1  57b 
1  57c 
1  57d 
1  57e 
1  57f 
1  580 
1  581 
1  582 
1  583 
1  584 
1  585 
1  586 
1  587 
1  588 
1  589 
1  58a 
1  58b 
1  58c 
1  58d  2^1 * 15 * 3776025593821137591176741342930429656320141680086271972344903909874767301114530127408297589841260949980701881168873
1  58e 
1  58f 
1  590 
1  591 
1  592 
1  593 
1  594 
1  595 
1  596 
1  597 
1  598 
1  599 
1  59a 
1  59b 
1  59c 
1  59d 
1  59e 
1  59f 
1  5a0 
1  5a1 
1  5a2 
1  5a3 
1  5a4 
1  5a5 
1  5a6 
1  5a7 
1  5a8 
1  5a9 
1  5aa 
1  5ab 
1  5ac 
1  5ad 
1  5ae 
1  5af 
1  5b0 
1  5b1 
1  5b2 
1  5b3 
1  5b4 
1  5b5 
1  5b6 
1  5b7 
1  5b8 
1  5b9 
1  5ba 
1  5bb 
1  5bc 
1  5bd 
1  5be 
1  5bf 
1  5c0 
1  5c1 
1  5c2 
1  5c3 
1  5c4 
1  5c5 
1  5c6 
1  5c7 
1  5c8 
1  5c9  2^0 * 113280767814634127735302240287912889689604250402588159170331934200769927427211341959171266896243589494341440559991447
1  5ca 
1  5cb 
1  5cc 
1  5cd 
1  5ce 
1  5cf 
1  5d0 
1  5d1 
1  5d2 
1  5d3 
1  5d4 
1  5d5 
1  5d6 
1  5d7 
1  5d8 
1  5d9 
1  5da 
1  5db 
1  5dc 
1  5dd 
1  5de 
1  5df 
1  5e0 
1  5e1 
1  5e2 
1  5e3 
1  5e4 
1  5e5 
1  5e6 
1  5e7 
1  5e8 
1  5e9 
1  5ea 
1  5eb 
1  5ec 
1  5ed 
1  5ee 
1  5ef 
1  5f0 
1  5f1 
1  5f2 
1  5f3 
1  5f4 
1  5f5 
1  5f6 
1  5f7 
1  5f8 
1  5f9 
1  5fa 
1  5fb 
1  5fc 
1  5fd 
1  5fe 
1  5ff 
1  600 
1  601 
1  602 
1  603 
1  604 
1  605 
1  606 
1  607 
1  608 
1  609 
1  60a 
1  60b 
1  60c 
1  60d 
1  60e 
1  60f 
1  610 
1  611 
1  612 
1  613 
1  614 
1  615 
1  616  2^1 * 231 * 245196467131242700725762424865612315345463745460147530671727382597721371140084989272411615470028443060024421353253
1  617 
1  618 
1  619 
1  61a 
1  61b 
1  61c 
1  61d 
1  61e 
1  61f 
1  620 
1  621 
1  622 
1  623 
1  624 
1  625 
1  626 
1  627 
1  628 
1  629 
1  62a 
1  62b 
1  62c 
1  62d 
1  62e 
1  62f 
1  630 
1  631 
1  632 
1  633 
1  634 
1  635  2^1 * 3 * 3  * 6293375989701895985294568904884049427200236133477119953908833467293267946667898534406864156161316121143111081868151
1  636 
1  637 
1  638 
1  639 
1  63a 
1  63b 
1  63c 
1  63d 
1  63e 
1  63f 
1  640 
1  641 
1  642 
1  643 
1  644 
1  645 
1  646 
1  647 
1  648 
1  649 
1  64a 
1  64b 
1  64c 
1  64d 
1  64e 
1  64f 
1  650 
1  651 
1  652 
1  653 
1  654 
1  655 
1  656 
1  657 
1  658 
1  659 
1  65a 
1  65b 
1  65c 
1  65d 
1  65e 
1  65f 
1  660 
1  661 
1  662 
1  663 
1  664 
1  665 
1  666 
1  667 
1  668 
1  669 
1  66a 
1  66b 
1  66c 
1  66d 
1  66e 
1  66f 
1  670 
1  671 
1  672 
1  673 
1  674 
1  675 
1  676 
1  677 
1  678 
1  679 
1  67a 
1  67b 
1  67c 
1  67d 
1  67e 
1  67f 
1  680 
1  681 
1  682 
1  683 
1  684 
1  685 
1  686 
1  687 
1  688 
1  689 
1  68a 
1  68b 
1  68c 
1  68d 
1  68e 
1  68f 
1  690 
1  691 
1  692 
1  693 
1  694 
1  695 
1  696 
1  697 
1  698 
1  699 
1  69a 
1  69b 
1  69c 
1  69d 
1  69e 
1  69f 
1  6a0 
1  6a1 
1  6a2 
1  6a3 
1  6a4 
1  6a5 
1  6a6 
1  6a7 
1  6a8 
1  6a9 
1  6aa 
1  6ab 
1  6ac 
1  6ad 
1  6ae 
1  6af 
1  6b0 
1  6b1 
1  6b2 
1  6b3 
1  6b4 
1  6b5 
1  6b6 
1  6b7 
1  6b8 
1  6b9 
1  6ba 
1  6bb 
1  6bc 
1  6bd 
1  6be 
1  6bf 
1  6c0 
1  6c1 
1  6c2 
1  6c3 
1  6c4 
1  6c5 
1  6c6 
1  6c7 
1  6c8 
1  6c9 
1  6ca 
1  6cb 
1  6cc 
1  6cd 
1  6ce 
1  6cf 
1  6d0 
1  6d1 
1  6d2 
1  6d3 
1  6d4 
1  6d5 
1  6d6 
1  6d7 
1  6d8 
1  6d9 
1  6da 
1  6db 
1  6dc 
1  6dd 
1  6de 
1  6df 
1  6e0 
1  6e1 
1  6e2 
1  6e3 
1  6e4 
1  6e5 
1  6e6 
1  6e7 
1  6e8 
1  6e9 
1  6ea 
1  6eb 
1  6ec 
1  6ed 
1  6ee 
1  6ef 
1  6f0 
1  6f1 
1  6f2 
1  6f3 
1  6f4 
1  6f5 
1  6f6 
1  6f7 
1  6f8 
1  6f9 
1  6fa 
1  6fb 
1  6fc 
1  6fd 
1  6fe 
1  6ff 
1  700 
1  701 
1  702 
1  703 
1  704 
1  705 
1  706 
1  707 
1  708 
1  709 
1  70a 
1  70b 
1  70c 
1  70d 
1  70e 
1  70f 
1  710 
1  711 
1  712 
1  713 
1  714 
1  715 
1  716 
1  717 
1  718 
1  719 
1  71a 
1  71b 
1  71c 
1  71d 
1  71e 
1  71f 
1  720 
1  721 
1  722 
1  723 
1  724 
1  725 
1  726 
1  727 
1  728 
1  729 
1  72a 
1  72b 
1  72c 
1  72d 
1  72e 
1  72f 
1  730 
1  731 
1  732 
1  733  2^1 * 56640383907317063867651120143956444844802125201294079585175577210507861272609941502380487029822841996407794883068751
1  734 
1  735 
1  736 
1  737 
1  738 
1  739 
1  73a 
1  73b 
1  73c 
1  73d 
1  73e 
1  73f 
1  740 
1  741 
1  742 
1  743 
1  744 
1  745 
1  746 
1  747 
1  748 
1  749 
1  74a 
1  74b 
1  74c 
1  74d 
1  74e 
1  74f 
1  750 
1  751 
1  752 
1  753 
1  754 
1  755 
1  756 
1  757 
1  758 
1  759 
1  75a 
1  75b 
1  75c 
1  75d 
1  75e 
1  75f 
1  760 
1  761 
1  762 
1  763 
1  764 
1  765 
1  766 
1  767 
1  768 
1  769 
1  76a 
1  76b 
1  76c 
1  76d 
1  76e 
1  76f 
1  770 
1  771 
1  772 
1  773 
1  774 
1  775 
1  776 
1  777 
1  778 
1  779 
1  77a 
1  77b 
1  77c 
1  77d 
1  77e 
1  77f 
1  780 
1  781 
1  782 
1  783 
1  784 
1  785 
1  786 
1  787 
1  788 
1  789 
1  78a 
1  78b 
1  78c 
1  78d 
1  78e 
1  78f 
1  790  2^0 * 113280767814634127735302240287912889689604250402588159170357862001924108862657928684419030801113765113411277857590321
1  791 
1  792 
1  793 
1  794 
1  795 
1  796 
1  797 
1  798 
1  799 
1  79a 
1  79b 
1  79c 
1  79d 
1  79e 
1  79f 
1  7a0 
1  7a1 
1  7a2 
1  7a3 
1  7a4 
1  7a5 
1  7a6 
1  7a7 
1  7a8 
1  7a9 
1  7aa 
1  7ab 
1  7ac 
1  7ad 
1  7ae 
1  7af 
1  7b0 
1  7b1 
1  7b2 
1  7b3 
1  7b4 
1  7b5 
1  7b6 
1  7b7 
1  7b8 
1  7b9 
1  7ba 
1  7bb 
1  7bc 
1  7bd 
1  7be 
1  7bf 
1  7c0 
1  7c1 
1  7c2 
1  7c3 
1  7c4 
1  7c5 
1  7c6 
1  7c7 
1  7c8 
1  7c9 
1  7ca 
1  7cb 
1  7cc 
1  7cd 
1  7ce 
1  7cf 
1  7d0 
1  7d1 
1  7d2 
1  7d3 
1  7d4 
1  7d5 
1  7d6 
1  7d7 
1  7d8 
1  7d9 
1  7da 
1  7db 
1  7dc 
1  7dd 
1  7de 
1  7df 
1  7e0 
1  7e1 
1  7e2 
1  7e3 
1  7e4 
1  7e5 
1  7e6 
1  7e7 
1  7e8 
1  7e9 
1  7ea 
1  7eb 
1  7ec 
1  7ed 
1  7ee 
1  7ef 
1  7f0 
1  7f1 
1  7f2 
1  7f3 
1  7f4 
1  7f5 
1  7f6 
1  7f7  2^0 * 165 * 5  * 137310021593495912406426957924742896593459697457682617176205897360200142684686948424980366824765536124939314835911
1  7f8 
1  7f9 
1  7fa 
1  7fb 
1  7fc 
1  7fd 
1  7fe 
1  7ff 
1  800 
1  801 
1  802 
1  803 
1  804 
1  805 
1  806 
1  807 
1  808 
1  809 
1  80a 
1  80b 
1  80c 
1  80d 
1  80e 
1  80f 
1  810 
1  811 
1  812 
1  813 
1  814 
1  815 
1  816 
1  817 
1  818 
1  819 
1  81a 
1  81b 
1  81c 
1  81d 
1  81e 
1  81f 
1  820 
1  821 
1  822 
1  823 
1  824 
1  825 
1  826 
1  827 
1  828 
1  829 
1  82a 
1  82b 
1  82c 
1  82d 
1  82e 
1  82f 
1  830 
1  831 
1  832 
1  833 
1  834 
1  835 
1  836 
1  837 
1  838 
1  839 
1  83a 
1  83b 
1  83c 
1  83d 
1  83e 
1  83f 
1  840 
1  841 
1  842 
1  843 
1  844 
1  845 
1  846 
1  847 
1  848 
1  849 
1  84a 
1  84b 
1  84c 
1  84d 
1  84e 
1  84f 
1  850 
1  851 
1  852 
1  853 
1  854 
1  855 
1  856 
1  857 
1  858 
1  859 
1  85a 
1  85b 
1  85c 
1  85d 
1  85e 
1  85f 
1  860 
1  861 
1  862 
1  863 
1  864 
1  865 
1  866 
1  867 
1  868 
1  869 
1  86a 
1  86b 
1  86c 
1  86d 
1  86e 
1  86f 
1  870 
1  871 
1  872 
1  873 
1  874 
1  875 
1  876 
1  877 
1  878 
1  879 
1  87a 
1  87b 
1  87c 
1  87d 
1  87e 
1  87f 
1  880 
1  881 
1  882 
1  883 
1  884 
1  885 
1  886 
1  887 
1  888 
1  889 
1  88a 
1  88b 
1  88c 
1  88d 
1  88e 
1  88f 
1  890 
1  891 
1  892 
1  893 
1  894 
1  895 
1  896 
1  897 
1  898 
1  899 
1  89a 
1  89b 
1  89c 
1  89d 
1  89e 
1  89f 
1  8a0 
1  8a1 
1  8a2 
1  8a3 
1  8a4 
1  8a5 
1  8a6 
1  8a7 
1  8a8 
1  8a9 
1  8aa 
1  8ab 
1  8ac 
1  8ad 
1  8ae 
1  8af 
1  8b0 
1  8b1 
1  8b2 
1  8b3 
1  8b4 
1  8b5 
1  8b6 
1  8b7 
1  8b8  2^1 * 15 * 3  * 3  * 419558399313459732352971260325603295146682408898474663593840315894738148799500758797454780131804008991357632978539
1  8b9 
1  8ba 
1  8bb 
1  8bc 
1  8bd 
1  8be 
1  8bf 
1  8c0 
1  8c1 
1  8c2 
1  8c3 
1  8c4 
1  8c5 
1  8c6 
1  8c7 
1  8c8 
1  8c9 
1  8ca 
1  8cb 
1  8cc 
1  8cd 
1  8ce 
1  8cf 
1  8d0 
1  8d1 
1  8d2 
1  8d3 
1  8d4 
1  8d5 
1  8d6 
1  8d7 
1  8d8 
1  8d9 
1  8da 
1  8db 
1  8dc 
1  8dd 
1  8de 
1  8df 
1  8e0 
1  8e1 
1  8e2 
1  8e3 
1  8e4 
1  8e5 
1  8e6 
1  8e7 
1  8e8 
1  8e9 
1  8ea 
1  8eb 
1  8ec 
1  8ed 
1  8ee  2^2 * 55 * 514912580975609671524101092217785862225473865466309814410643028982250827774377337841216335843117024972869496054203
1  8ef 
1  8f0 
1  8f1 
1  8f2 
1  8f3 
1  8f4 
1  8f5 
1  8f6 
1  8f7 
1  8f8 
1  8f9 
1  8fa 
1  8fb 
1  8fc 
1  8fd 
1  8fe 
1  8ff 
1  900 
1  901 
1  902 
1  903 
1  904 
1  905 
1  906 
1  907 
1  908 
1  909 
1  90a 
1  90b 
1  90c 
1  90d 
1  90e 
1  90f 
1  910 
1  911 
1  912 
1  913 
1  914 
1  915 
1  916 
1  917 
1  918 
1  919 
1  91a 
1  91b 