1  1 
1  2 
1  3 
1  4 
1  5 
1  6 
1  7 
1  8 
1  9 
1  a 
1  b 
1  c 
1  d 
1  e 
1  f 
1  10 
1  11 
1  12 
1  13 
1  14 
1  15 
1  16 
1  17 
1  18 
1  19 
1  1a 
1  1b 
1  1c 
1  1d 
1  1e 
1  1f 
1  20 
1  21 
1  22 
1  23 
1  24 
1  25 
1  26 
1  27 
1  28 
1  29 
1  2a 
1  2b 
1  2c 
1  2d 
1  2e 
1  2f 
1  30 
1  31 
1  32 
1  33 
1  34 
1  35 
1  36 
1  37 
1  38 
1  39 
1  3a 
1  3b 
1  3c 
1  3d 
1  3e 
1  3f 
1  40 
1  41  2^0 * 189385287010439184031483103099657576550646042215867556460345305392569916924789716110121073331281339338527903149419671398504407763436857456364565159381548877
1  42 
1  43 
1  44 
1  45 
1  46 
1  47 
1  48 
1  49  2^0 * 189385287010439184031483103099657576550646042215867556460345305392569916924788152476934281980661127738423484237787755822886861823662624810216285262699323353
1  4a 
1  4b 
1  4c 
1  4d 
1  4e 
1  4f 
1  50 
1  51 
1  52 
1  53 
1  54 
1  55 
1  56 
1  57 
1  58 
1  59 
1  5a 
1  5b 
1  5c 
1  5d 
1  5e 
1  5f 
1  60 
1  61 
1  62 
1  63 
1  64 
1  65 
1  66 
1  67 
1  68 
1  69 
1  6a 
1  6b 
1  6c 
1  6d 
1  6e 
1  6f 
1  70 
1  71 
1  72 
1  73 
1  74 
1  75 
1  76 
1  77 
1  78 
1  79 
1  7a 
1  7b 
1  7c 
1  7d 
1  7e 
1  7f 
1  80 
1  81 
1  82 
1  83 
1  84 
1  85 
1  86 
1  87 
1  88 
1  89 
1  8a 
1  8b 
1  8c 
1  8d 
1  8e 
1  8f 
1  90 
1  91 
1  92 
1  93 
1  94 
1  95 
1  96 
1  97 
1  98 
1  99 
1  9a 
1  9b 
1  9c 
1  9d 
1  9e 
1  9f 
1  a0 
1  a1 
1  a2 
1  a3 
1  a4 
1  a5 
1  a6 
1  a7 
1  a8 
1  a9 
1  aa 
1  ab 
1  ac 
1  ad 
1  ae 
1  af 
1  b0 
1  b1 
1  b2 
1  b3 
1  b4 
1  b5 
1  b6 
1  b7 
1  b8 
1  b9 
1  ba 
1  bb 
1  bc 
1  bd 
1  be 
1  bf 
1  c0 
1  c1 
1  c2 
1  c3 
1  c4 
1  c5 
1  c6 
1  c7 
1  c8 
1  c9 
1  ca 
1  cb 
1  cc 
1  cd 
1  ce 
1  cf 
1  d0 
1  d1 
1  d2 
1  d3 
1  d4 
1  d5 
1  d6 
1  d7 
1  d8 
1  d9  2^2 * 3 * 15782107250869932002623591924971464712553836851322296371695442116047493077065767525198456461553744235231777833287654010839140341588207388849008543571925929
1  da 
1  db 
1  dc 
1  dd 
1  de 
1  df 
1  e0 
1  e1 
1  e2 
1  e3 
1  e4 
1  e5 
1  e6 
1  e7 
1  e8 
1  e9 
1  ea 
1  eb 
1  ec 
1  ed 
1  ee 
1  ef 
1  f0 
1  f1 
1  f2 
1  f3 
1  f4 
1  f5 
1  f6 
1  f7 
1  f8 
1  f9 
1  fa 
1  fb 
1  fc 
1  fd 
1  fe 
1  ff 
1  100 
1  101 
1  102 
1  103 
1  104 
1  105 
1  106 
1  107 
1  108 
1  109 
1  10a 
1  10b 
1  10c 
1  10d 
1  10e 
1  10f 
1  110 
1  111 
1  112 
1  113 
1  114 
1  115 
1  116 
1  117 
1  118 
1  119 
1  11a 
1  11b 
1  11c 
1  11d 
1  11e 
1  11f 
1  120 
1  121 
1  122 
1  123 
1  124 
1  125 
1  126 
1  127 
1  128 
1  129 
1  12a 
1  12b 
1  12c 
1  12d 
1  12e 
1  12f 
1  130 
1  131 
1  132 
1  133 
1  134 
1  135 
1  136 
1  137 
1  138 
1  139 
1  13a 
1  13b 
1  13c 
1  13d 
1  13e 
1  13f 
1  140 
1  141 
1  142 
1  143 
1  144 
1  145 
1  146 
1  147 
1  148 
1  149 
1  14a 
1  14b  2^1 * 94692643505219592015741551549828788275323021107933778230172652696284958462394581946971221984201741668005992214461577459600055824402295522896983195889064211
1  14c 
1  14d 
1  14e 
1  14f 
1  150 
1  151 
1  152 
1  153 
1  154 
1  155 
1  156 
1  157 
1  158 
1  159 
1  15a 
1  15b 
1  15c 
1  15d 
1  15e 
1  15f 
1  160 
1  161 
1  162 
1  163 
1  164 
1  165 
1  166 
1  167 
1  168 
1  169 
1  16a 
1  16b 
1  16c 
1  16d 
1  16e 
1  16f 
1  170 
1  171 
1  172 
1  173 
1  174 
1  175 
1  176 
1  177 
1  178 
1  179 
1  17a 
1  17b 
1  17c 
1  17d 
1  17e 
1  17f 
1  180 
1  181 
1  182 
1  183 
1  184 
1  185 
1  186 
1  187 
1  188 
1  189 
1  18a 
1  18b 
1  18c 
1  18d 
1  18e 
1  18f 
1  190 
1  191 
1  192  2^1 * 77 * 7  * 7  * 25097440632181179967066406453704953160700509172524192480830281658172530734798465802310813242007676129263439325285459381147914762969021868813515587885849
1  193 
1  194 
1  195 
1  196 
1  197 
1  198 
1  199 
1  19a 
1  19b 
1  19c 
1  19d 
1  19e 
1  19f 
1  1a0 
1  1a1 
1  1a2 
1  1a3 
1  1a4 
1  1a5 
1  1a6 
1  1a7 
1  1a8 
1  1a9 
1  1aa 
1  1ab 
1  1ac 
1  1ad 
1  1ae 
1  1af 
1  1b0 
1  1b1 
1  1b2 
1  1b3 
1  1b4 
1  1b5 
1  1b6 
1  1b7 
1  1b8 
1  1b9 
1  1ba 
1  1bb 
1  1bc 
1  1bd 
1  1be 
1  1bf 
1  1c0 
1  1c1 
1  1c2 
1  1c3 
1  1c4 
1  1c5 
1  1c6 
1  1c7 
1  1c8 
1  1c9 
1  1ca 
1  1cb 
1  1cc 
1  1cd 
1  1ce 
1  1cf 
1  1d0 
1  1d1 
1  1d2 
1  1d3 
1  1d4 
1  1d5 
1  1d6 
1  1d7 
1  1d8 
1  1d9 
1  1da 
1  1db 
1  1dc 
1  1dd  2^0 * 15 * 5  * 2525137160139189120419774707995434354008613896211567419471270738567598892330526731589269080289347918403335492740204232093918229810207432419624227637587499
1  1de 
1  1df 
1  1e0 
1  1e1 
1  1e2 
1  1e3 
1  1e4 
1  1e5 
1  1e6 
1  1e7 
1  1e8 
1  1e9 
1  1ea 
1  1eb 
1  1ec 
1  1ed 
1  1ee 
1  1ef 
1  1f0 
1  1f1 
1  1f2 
1  1f3 
1  1f4 
1  1f5 
1  1f6  2^1 * 94692643505219592015741551549828788275323021107933778230172652696284958462394384082201635359780776206752823562573804164479545167215574313277703891823411383
1  1f7 
1  1f8 
1  1f9 
1  1fa 
1  1fb 
1  1fc 
1  1fd 
1  1fe 
1  1ff 
1  200 
1  201 
1  202 
1  203 
1  204 
1  205 
1  206 
1  207 
1  208 
1  209 
1  20a 
1  20b 
1  20c 
1  20d 
1  20e 
1  20f 
1  210 
1  211 
1  212 
1  213 
1  214 
1  215 
1  216 
1  217 
1  218 
1  219 
1  21a 
1  21b 
1  21c 
1  21d 
1  21e 
1  21f 
1  220 
1  221 
1  222 
1  223 
1  224 
1  225 
1  226 
1  227 
1  228 
1  229 
1  22a 
1  22b 
1  22c 
1  22d 
1  22e 
1  22f 
1  230  2^0 * 189385287010439184031483103099657576550646042215867556460345305392569916924788882735311234744355889292165069909304903496926025319913405228492219673217423483
1  231 
1  232 
1  233 
1  234 
1  235 
1  236 
1  237 
1  238 
1  239 
1  23a 
1  23b 
1  23c 
1  23d 
1  23e 
1  23f 
all done
