Found irreducible polynomial:
Mod(1, 43)*x^2 + Mod(1, 43)*x^1 + Mod(3, 43)

order 3 has 2 points
order 5 has 4 points
order 11 has 120 points
order 15 has 8 points
order 33 has 240 points
order 55 has 480 points
order 165 has 960 points
order 3 S:
x: Mod(14, 43)
y: Mod(18, 43)*x^1 + Mod(9, 43)

P:
x: Mod(30, 43)
y: Mod(13, 43)

Q:
x: Mod(3, 43)
y: Mod(40, 43)

===========================================
Tate G1 x G1 (order 11)

tate(P, Q): Mod(1, 43)

T:
x: Mod(30, 43)
y: Mod(13, 43)

tate(P, T): Mod(1, 43)

(P,Q)*(P,T): Mod(1, 43)

(P, T+Q): Mod(1, 43)

===========================================
Tate G1 x G2* (order 11)

Q:
x: Mod(3, 43)*x^1 + Mod(16, 43)
y: Mod(41, 43)*x^1 + Mod(11, 43)

tate(P, Q): Mod(7, 43)*x^1 + Mod(32, 43)

tate(Q, P): Mod(12, 43)*x^1 + Mod(17, 43)

t(P, Q)* t(Q, P): Mod(32, 43)*x^1 + Mod(34, 43)

T:
x: Mod(9, 43)*x^1 + Mod(19, 43)
y: Mod(17, 43)*x^1 + Mod(29, 43)

tate(P, T): Mod(37, 43)*x^1 + Mod(23, 43)

(P,Q)*(P,T): Mod(11, 43)*x^1 + Mod(2, 43)

(P, T+Q): Mod(11, 43)*x^1 + Mod(2, 43)

===========================================
Tate G2 x G1 (order 11)

P:
x: Mod(13, 43)*x^1 + Mod(17, 43)
y: Mod(10, 43)*x^1 + Mod(21, 43)

Q:
x: Mod(11, 43)
y: Mod(11, 43)

T:
x: Mod(24, 43)
y: Mod(23, 43)

tate(P, Q): Mod(34, 43)*x^1 + Mod(19, 43)

tate(P, T): Mod(32, 43)*x^1 + Mod(34, 43)
(P,Q)*(P,T): Mod(31, 43)*x^1 + Mod(5, 43)

(P, T+Q): Mod(31, 43)*x^1 + Mod(5, 43)

===========================================
Tate G2 x G2 (order 11)

P:
x: Mod(1, 43)*x^1 + Mod(4, 43)
y: Mod(15, 43)*x^1 + Mod(18, 43)

Q:
x: Mod(14, 43)*x^1 + Mod(38, 43)
y: Mod(12, 43)*x^1 + Mod(0, 43)

T:
x: Mod(22, 43)*x^1 + Mod(13, 43)
y: Mod(37, 43)*x^1 + Mod(8, 43)

tate(P, Q): Mod(9, 43)*x^1 + Mod(28, 43)

tate(P, T): Mod(12, 43)*x^1 + Mod(17, 43)

(P,Q)*(P,T): Mod(37, 43)*x^1 + Mod(23, 43)

(P, T+Q): Mod(37, 43)*x^1 + Mod(23, 43)

===========================================
Tate G1 x G1* (order 55)

P:
x: Mod(36, 43)
y: Mod(21, 43)

Q:
x: Mod(31, 43)
y: Mod(4, 43)

T:
x: Mod(17, 43)
y: Mod(33, 43)

tate(P, Q): Mod(34, 43)*x^1 + Mod(19, 43)

tate(P, T): Mod(12, 43)*x^1 + Mod(17, 43)

(P,Q)*(P,T): Mod(11, 43)*x^1 + Mod(2, 43)

(P, T+Q): Mod(31, 43)*x^1 + Mod(5, 43)

===========================================
Tate G1 x G2* (order 55)

P:
x: Mod(15, 43)
y: Mod(35, 43)

Q:
x: Mod(36, 43)*x^1 + Mod(23, 43)
y: Mod(17, 43)*x^1 + Mod(5, 43)

T:
x: Mod(41, 43)*x^1 + Mod(0, 43)
y: Mod(25, 43)*x^1 + Mod(42, 43)

tate(P, Q): Mod(9, 43)*x^1 + Mod(28, 43)

tate(P, T): Mod(36, 43)*x^1 + Mod(25, 43)

(P,Q)*(P,T): Mod(6, 43)*x^1 + Mod(29, 43)

(P, T+Q): Mod(31, 43)*x^1 + Mod(5, 43)

===========================================
Tate G2 x G1* (order 55)

P:
x: Mod(16, 43)*x^1 + Mod(18, 43)
y: Mod(28, 43)*x^1 + Mod(28, 43)

Q:
x: Mod(32, 43)
y: Mod(7, 43)

T:
x: Mod(21, 43)
y: Mod(38, 43)

tate(P, Q): Mod(6, 43)*x^1 + Mod(29, 43)

tate(P, T): Mod(12, 43)*x^1 + Mod(17, 43)

(P,Q)*(P,T): Mod(34, 43)*x^1 + Mod(19, 43)

(P, T+Q): Mod(32, 43)*x^1 + Mod(34, 43)

===========================================
Tate G2 x G2* (order 55)

P:
x: Mod(19, 43)*x^1 + Mod(40, 43)
y: Mod(33, 43)*x^1 + Mod(13, 43)

Q:
x: Mod(11, 43)*x^1 + Mod(25, 43)
y: Mod(11, 43)*x^1 + Mod(34, 43)

T:
x: Mod(14, 43)*x^1 + Mod(32, 43)
y: Mod(9, 43)*x^1 + Mod(8, 43)

tate(P, Q): Mod(9, 43)*x^1 + Mod(28, 43)

tate(P, T): Mod(9, 43)*x^1 + Mod(28, 43)

(P,Q)*(P,T): Mod(36, 43)*x^1 + Mod(25, 43)

(P, T+Q): Mod(1, 43)

order 5 S:
x: Mod(39, 43)
y: Mod(12, 43)

===========================================
Tate G1 x G2* (order 11x33)

P:
x: Mod(3, 43)
y: Mod(40, 43)

Q:
x: Mod(17, 43)*x^1 + Mod(40, 43)
y: Mod(26, 43)*x^1 + Mod(7, 43)

T:
x: Mod(4, 43)
y: Mod(10, 43)*x^1 + Mod(5, 43)

tate(P, Q): Mod(32, 43)*x^1 + Mod(34, 43)

tate(P, T): Mod(6, 43)*x^1 + Mod(29, 43)

(P,Q)*(P,T): Mod(37, 43)*x^1 + Mod(23, 43)

(P, T+Q): Mod(37, 43)*x^1 + Mod(23, 43)

===========================================
Tate G2 x G2* (order 11x33)

P:
x: Mod(13, 43)*x^1 + Mod(3, 43)
y: Mod(11, 43)*x^1 + Mod(32, 43)

Q:
x: Mod(20, 43)*x^1 + Mod(22, 43)
y: Mod(5, 43)*x^1 + Mod(24, 43)

T:
x: Mod(27, 43)*x^1 + Mod(42, 43)
y: Mod(15, 43)*x^1 + Mod(30, 43)

tate(P, Q): Mod(7, 43)*x^1 + Mod(32, 43)

tate(P, T): Mod(32, 43)*x^1 + Mod(34, 43)

(P,Q)*(P,T): Mod(6, 43)*x^1 + Mod(29, 43)

(P, T+Q): Mod(6, 43)*x^1 + Mod(29, 43)

===========================================
Tate G2 x G1* (order 33x11)

P:
x: Mod(7, 43)
y: Mod(37, 43)*x^1 + Mod(40, 43)
Q:
x: Mod(25, 43)
y: Mod(26, 43)

T:
x: Mod(3, 43)
y: Mod(40, 43)

tate(P, Q): Mod(1, 43)

tate(P, T): Mod(11, 43)*x^1 + Mod(2, 43)

(P,Q)*(P,T): Mod(11, 43)*x^1 + Mod(2, 43)

(P, T+Q): Mod(11, 43)*x^1 + Mod(2, 43)

===========================================
Tate G2 x G2* (order 33x11)

P:
x: Mod(19, 43)*x^1 + Mod(4, 43)
y: Mod(36, 43)*x^1 + Mod(10, 43)

Q:
x: Mod(16, 43)
y: Mod(12, 43)*x^1 + Mod(6, 43)

T:
x: Mod(19, 43)*x^1 + Mod(11, 43)
y: Mod(39, 43)*x^1 + Mod(33, 43)

tate(P, Q): Mod(34, 43)*x^1 + Mod(19, 43)

tate(P, T): Mod(7, 43)*x^1 + Mod(32, 43)

(P,Q)*(P,T): Mod(37, 43)*x^1 + Mod(23, 43)

(P, T+Q): Mod(32, 43)*x^1 + Mod(34, 43)

order 3 S:
x: Mod(14, 43)
y: Mod(18, 43)*x^1 + Mod(9, 43)

===========================================
Tate G1 x G1* (order 11x55)

P:
x: Mod(30, 43)
y: Mod(30, 43)

Q:
x: Mod(2, 43)
y: Mod(15, 43)

T:
x: Mod(17, 43)
y: Mod(10, 43)

tate(P, Q): Mod(1, 43)

tate(P, T): Mod(1, 43)

(P,Q)*(P,T): Mod(1, 43)

(P, T+Q): Mod(1, 43)

===========================================
Tate G1 x G2* (order 11x55)

P:
x: Mod(24, 43)
y: Mod(23, 43)

Q:
x: Mod(14, 43)*x^1 + Mod(23, 43)
y: Mod(16, 43)*x^1 + Mod(0, 43)

T:
x: Mod(2, 43)*x^1 + Mod(19, 43)
y: Mod(15, 43)*x^1 + Mod(0, 43)

tate(P, Q): Mod(6, 43)*x^1 + Mod(29, 43)

tate(P, T): Mod(6, 43)*x^1 + Mod(29, 43)

(P,Q)*(P,T): Mod(11, 43)*x^1 + Mod(2, 43)

(P, T+Q): Mod(11, 43)*x^1 + Mod(2, 43)

Tate G2 x G1* (order 11x55)

P:
x: Mod(19, 43)*x^1 + Mod(11, 43)
y: Mod(4, 43)*x^1 + Mod(10, 43)

Q:
x: Mod(2, 43)
y: Mod(15, 43)

T:
x: Mod(23, 43)
y: Mod(15, 43)

tate(P, Q): Mod(7, 43)*x^1 + Mod(32, 43)

tate(P, T): Mod(12, 43)*x^1 + Mod(17, 43)

(P,Q)*(P,T): Mod(32, 43)*x^1 + Mod(34, 43)

(P, T+Q): Mod(32, 43)*x^1 + Mod(34, 43)

===========================================
Tate G2 x G2* (order 11x55)

P:
x: Mod(1, 43)*x^1 + Mod(39, 43)
y: Mod(4, 43)*x^1 + Mod(39, 43)

Q:
x: Mod(30, 43)*x^1 + Mod(26, 43)
y: Mod(15, 43)*x^1 + Mod(4, 43)

T:
x: Mod(38, 43)*x^1 + Mod(32, 43)
y: Mod(10, 43)*x^1 + Mod(16, 43)

tate(P, Q): Mod(9, 43)*x^1 + Mod(28, 43)

tate(P, T): Mod(37, 43)*x^1 + Mod(23, 43)

(P,Q)*(P,T): Mod(7, 43)*x^1 + Mod(32, 43)

(P, T+Q): Mod(7, 43)*x^1 + Mod(32, 43)

===========================================
Tate G1 x G1* (order 55x11)

P:
x: Mod(20, 43)
y: Mod(26, 43)

Q:
x: Mod(25, 43)
y: Mod(17, 43)

T:
x: Mod(30, 43)
y: Mod(30, 43)

tate(P, Q): Mod(36, 43)*x^1 + Mod(25, 43)

tate(P, T): Mod(7, 43)*x^1 + Mod(32, 43)

(P,Q)*(P,T): Mod(1, 43)

(P, T+Q): Mod(34, 43)*x^1 + Mod(19, 43)

===========================================
Tate G1 x G2* (order 55x11)

P:
x: Mod(38, 43)
y: Mod(24, 43)

Q:
x: Mod(22, 43)*x^1 + Mod(13, 43)
y: Mod(37, 43)*x^1 + Mod(8, 43)

T:
x: Mod(19, 43)*x^1 + Mod(11, 43)
y: Mod(39, 43)*x^1 + Mod(33, 43)

tate(P, Q): Mod(34, 43)*x^1 + Mod(19, 43)

tate(P, T): Mod(37, 43)*x^1 + Mod(23, 43)

(P,Q)*(P,T): Mod(12, 43)*x^1 + Mod(17, 43)

(P, T+Q): Mod(37, 43)*x^1 + Mod(23, 43)

===========================================
Tate G2 x G1* (order 55x11)

P:
x: Mod(2, 43)*x^1 + Mod(15, 43)
y: Mod(5, 43)*x^1 + Mod(15, 43)

Q:
x: Mod(25, 43)
y: Mod(26, 43)

T:
x: Mod(30, 43)
y: Mod(30, 43)

tate(P, Q): Mod(37, 43)*x^1 + Mod(23, 43)

tate(P, T): Mod(1, 43)

(P,Q)*(P,T): Mod(37, 43)*x^1 + Mod(23, 43)

(P, T+Q): Mod(32, 43)*x^1 + Mod(34, 43)

===========================================
Tate G2 x G2* (order 55x11)

P:
x: Mod(3, 43)*x^1 + Mod(36, 43)
y: Mod(10, 43)

Q:
x: Mod(17, 43)*x^1 + Mod(32, 43)
y: Mod(32, 43)*x^1 + Mod(26, 43)

T:
x: Mod(26, 43)*x^1 + Mod(18, 43)
y: Mod(36, 43)*x^1 + Mod(2, 43)

tate(P, Q): Mod(7, 43)*x^1 + Mod(32, 43)

tate(P, T): Mod(12, 43)*x^1 + Mod(17, 43)

(P,Q)*(P,T): Mod(32, 43)*x^1 + Mod(34, 43)

order 5 S:
x: Mod(1, 43)
y: Mod(25, 43)

===========================================
Tate G1 x G2* (order 11x165)

P:
x: Mod(25, 43)
y: Mod(26, 43)

Q:
x: Mod(24, 43)*x^1 + Mod(6, 43)
y: Mod(3, 43)*x^1 + Mod(16, 43)

T:
x: Mod(1, 43)*x^1 + Mod(3, 43)
y: Mod(24, 43)*x^1 + Mod(37, 43)

tate(P, Q): Mod(9, 43)*x^1 + Mod(28, 43)

tate(P, T): Mod(1, 43)

(P,Q)*(P,T): Mod(9, 43)*x^1 + Mod(28, 43)

(P, T+Q): Mod(9, 43)*x^1 + Mod(28, 43)

===========================================
Tate G2 x G2* (order 11x165)

P:
x: Mod(14, 43)*x^1 + Mod(2, 43)
y: Mod(29, 43)*x^1 + Mod(20, 43)

Q:
x: Mod(33, 43)*x^1 + Mod(26, 43)
y: Mod(31, 43)*x^1 + Mod(26, 43)

T:
x: Mod(8, 43)*x^1 + Mod(25, 43)
y: Mod(14, 43)*x^1 + Mod(28, 43)

tate(P, Q): Mod(32, 43)*x^1 + Mod(34, 43)
tate(P, T): Mod(37, 43)*x^1 + Mod(23, 43)

(P,Q)*(P,T): Mod(36, 43)*x^1 + Mod(25, 43)

(P, T+Q): Mod(36, 43)*x^1 + Mod(25, 43)

===========================================
Tate G2 x G1* (order 165x11)

P:
x: Mod(23, 43)*x^1 + Mod(19, 43)
y: Mod(11, 43)*x^1 + Mod(22, 43)

Q:
x: Mod(24, 43)
y: Mod(20, 43)

T:
x: Mod(25, 43)
y: Mod(17, 43)

tate(P, Q): Mod(1, 43)

tate(P, T): Mod(37, 43)*x^1 + Mod(23, 43)

(P,Q)*(P,T): Mod(37, 43)*x^1 + Mod(23, 43)

(P, T+Q): Mod(36, 43)*x^1 + Mod(25, 43)

===========================================
Tate G2 x G2* (order 165x11)

P:
x: Mod(23, 43)*x^1 + Mod(3, 43)
y: Mod(7, 43)*x^1 + Mod(10, 43)

Q:
x: Mod(29, 43)*x^1 + Mod(31, 43)
y: Mod(14, 43)*x^1 + Mod(34, 43)

T:
x: Mod(29, 43)*x^1 + Mod(24, 43)
y: Mod(12, 43)*x^1 + Mod(12, 43)

tate(P, Q): Mod(11, 43)*x^1 + Mod(2, 43)
tate(P, T): Mod(12, 43)*x^1 + Mod(17, 43)

(P,Q)*(P,T): Mod(36, 43)*x^1 + Mod(25, 43)

(P, T+Q): Mod(32, 43)*x^1 + Mod(34, 43)

